<?xml version="1.0" encoding="UTF-8"?>
<testsuite xmlns:xsi="http://www.w3.org/2001/XMLSchema-instance" xsi:noNamespaceSchemaLocation="https://maven.apache.org/surefire/maven-surefire-plugin/xsd/surefire-test-report.xsd" name="org.example.ProductServiceTest" time="0.079" tests="4" errors="0" skipped="0" failures="0">
  <properties>
[...]
</properties>
  <testcase name="testFindProductListLength" classname="org.example.ProductServiceTest" time="0.064"/>
  <testcase name="testFindProductListName" classname="org.example.ProductServiceTest" time="0"/>
  <testcase name="testFindDiscountCaseTwo" classname="org.example.ProductServiceTest" time="0"/>
  <testcase name="testFindDiscount" classname="org.example.ProductServiceTest" time="0.015"/>
</testsuite>